     1 00000000                                 ; FUTURE-ipl
     2 00000000                                 ; TAB=4
     3 00000000                                 
     4  = 0000000A                              CYLS	EQU		10				; 常数声明
     5                                          		ORG		0x7c00			; 指明程序的装载地址
     6 00007C00                                 
     7 00007C00                                 ; 以下这段是标准FAT12格式软盘专用的代码
     8 00007C00                                 
     9 00007C00 EB 4E                           		JMP		entry
    10 00007C02 90                              		DB		0x90
    11 00007C03 46 55 54 55 52 45 20 20         		DB		"FUTURE  "		; 启动区的名称可以是任意的字符串（8字节）
    12 00007C0B 0200                            		DW		512				; 每个扇区的大小（必须为512字节）
    13 00007C0D 01                              		DB		1				; 簇的大小（必须为1个扇区）
    14 00007C0E 0001                            		DW		1				; FAT的起始位置（一般从第一个扇区开始）
    15 00007C10 02                              		DB		2				; FAT的个数（必须为2）
    16 00007C11 00E0                            		DW		224				; 根目录的大小（一般设成224项）
    17 00007C13 0B40                            		DW		2880			; 该磁盘的大小（必须是2880扇区）
    18 00007C15 F0                              		DB		0xf0			; 磁盘的种类（必须是0xf0）
    19 00007C16 0009                            		DW		9				; FAT的长度（必须是9扇区）
    20 00007C18 0012                            		DW		18				; 1个磁道有几个扇区（必须是18）
    21 00007C1A 0002                            		DW		2				; 磁头数（必须是2）
    22 00007C1C 00000000                        		DD		0				; 不使用分区，必须是0
    23 00007C20 00000B40                        		DD		2880			; 重写一次磁盘大小
    24 00007C24 00 00 29                        		DB		0,0,0x29		; 意义不明，固定
    25 00007C27 FFFFFFFF                        		DD		0xffffffff		; （可能是）卷标号码
    26 00007C2B 46 55 54 55 52 45 4F 53 20 20   		DB		"FUTUREOS   "	; 磁盘的名称（11字节）
       00007C35 20 
    27 00007C36 46 41 54 31 32 20 20 20         		DB		"FAT12   "		; 磁盘格式名称（8字节）
    28 00007C3E 00 00 00 00 00 00 00 00 00 00   		RESB	18				; 先空出18字节
       00007C48 00 00 00 00 00 00 00 00 
    29 00007C50                                 
    30 00007C50                                 ; 程序主体
    31 00007C50                                 
    32 00007C50                                 entry:
    33 00007C50 B8 0000                         		MOV		AX,0			; 初始化寄存器
    34 00007C53 8E D0                           		MOV		SS,AX
    35 00007C55 BC 7C00                         		MOV		SP,0x7c00
    36 00007C58 8E D8                           		MOV		DS,AX
    37 00007C5A                                 
    38 00007C5A                                 ; 读磁盘
    39 00007C5A                                 
    40 00007C5A B8 0820                         		MOV		AX,0x0820
    41 00007C5D 8E C0                           		MOV		ES,AX
    42 00007C5F B5 00                           		MOV		CH,0			; 柱面0
    43 00007C61 B6 00                           		MOV		DH,0			; 磁头0
    44 00007C63 B1 02                           		MOV		CL,2			; 扇区2
    45 00007C65                                 readloop:
    46 00007C65 BE 0000                         		MOV		SI,0			; 记录失败次数的寄存器
    47 00007C68                                 retry:
    48 00007C68 B4 02                           		MOV		AH,0x02			; AH=0x02 : 读入磁盘
    49 00007C6A B0 01                           		MOV		AL,1			; 1个扇区
    50 00007C6C BB 0000                         		MOV		BX,0			; ES:BX=缓冲地址，校验及寻道时不使用
    51 00007C6F B2 00                           		MOV		DL,0x00			; A驱动器
    52 00007C71 CD 13                           		INT		0x13			; 调用磁盘BIOS
    53 00007C73 73 10                           		JNC		next			; 没出错的话跳转到next
    54 00007C75 83 C6 01                        		ADD		SI,1			; 往SI加1
    55 00007C78 83 FE 05                        		CMP		SI,5			; 比较SI与5
    56 00007C7B 73 2E                           		JAE		error			; SI >= 5时，跳转到error
    57 00007C7D B4 00                           		MOV		AH,0x00
    58 00007C7F B2 00                           		MOV		DL,0x00			; A驱动器
    59 00007C81 CD 13                           		INT		0x13			; 重置驱动器
    60 00007C83 EB E3                           		JMP		retry
    61 00007C85                                 next:
    62 00007C85 8C C0                           		MOV		AX,ES			; 把内存地址后移0x200
    63 00007C87 05 0020                         		ADD		AX,0x0020
    64 00007C8A 8E C0                           		MOV		ES,AX			; 因为没有ADD ES,0x020指令，所以这里稍微绕个弯
    65 00007C8C 80 C1 01                        		ADD		CL,1			; 往CL里加1
    66 00007C8F 80 F9 12                        		CMP		CL,18			; 比较CL与18
    67 00007C92 76 D1                           		JBE		readloop		; 如果CL <= 18 跳转至readloop
    68 00007C94 B1 01                           		MOV		CL,1
    69 00007C96 80 C6 01                        		ADD		DH,1
    70 00007C99 80 FE 02                        		CMP		DH,2
    71 00007C9C 72 C7                           		JB		readloop		; 如果DH < 2 跳转至readloop
    72 00007C9E B6 00                           		MOV		DH,0
    73 00007CA0 80 C5 01                        		ADD		CH,1
    74 00007CA3 80 FD 0A                        		CMP		CH,CYLS
    75 00007CA6 72 BD                           		JB		readloop		; 如果CH < CYLS 跳转至readloop
    76 00007CA8                                 
    77 00007CA8                                 fin:
    78 00007CA8 F4                              		HLT						; 让CPU停止，等待指令
    79 00007CA9 EB FD                           		JMP		fin				; 换行
    80 00007CAB                                 
    81 00007CAB                                 error:
    82 00007CAB BE 7CC0                         		MOV		SI,msg
    83 00007CAE                                 putloop:
    84 00007CAE 8A 04                           		MOV		AL,[SI]
    85 00007CB0 83 C6 01                        		ADD		SI,1			; 给SI加1
    86 00007CB3 3C 00                           		CMP		AL,0
    87 00007CB5 74 F1                           		JE		fin
    88 00007CB7 B4 0E                           		MOV		AH,0x0e			; 显示一个文字
    89 00007CB9 BB 000F                         		MOV		BX,15			; 指定字符颜色
    90 00007CBC CD 10                           		INT		0x10			; 调用显卡BIOS
    91 00007CBE EB EE                           		JMP		putloop
    92 00007CC0                                 msg:
    93 00007CC0 0A 0A                           		DB		0x0a, 0x0a		; 2个换行
    94 00007CC2 6C 6F 61 64 20 65 72 72 6F 72   		DB		"load error"
    95 00007CCC 0A                              		DB		0x0a			; 换行
    96 00007CCD 00                              		DB		0
    97 00007CCE                                 
    98 00007CCE 00 00 00 00 00 00 00 00 00 00   		RESB	0x7dfe-$		; 填写0x00，直到0x07dfe
       00007CD8 00 00 00 00 00 00 00 00 00 00 
       00007CE2 00 00 00 00 00 00 00 00 00 00 
       00007CEC 00 00 00 00 00 00 00 00 00 00 
       00007CF6 00 00 00 00 00 00 00 00 00 00 
       00007D00 00 00 00 00 00 00 00 00 00 00 
       00007D0A 00 00 00 00 00 00 00 00 00 00 
       00007D14 00 00 00 00 00 00 00 00 00 00 
       00007D1E 00 00 00 00 00 00 00 00 00 00 
       00007D28 00 00 00 00 00 00 00 00 00 00 
       00007D32 00 00 00 00 00 00 00 00 00 00 
       00007D3C 00 00 00 00 00 00 00 00 00 00 
       00007D46 00 00 00 00 00 00 00 00 00 00 
       00007D50 00 00 00 00 00 00 00 00 00 00 
       00007D5A 00 00 00 00 00 00 00 00 00 00 
       00007D64 00 00 00 00 00 00 00 00 00 00 
       00007D6E 00 00 00 00 00 00 00 00 00 00 
       00007D78 00 00 00 00 00 00 00 00 00 00 
       00007D82 00 00 00 00 00 00 00 00 00 00 
       00007D8C 00 00 00 00 00 00 00 00 00 00 
       00007D96 00 00 00 00 00 00 00 00 00 00 
       00007DA0 00 00 00 00 00 00 00 00 00 00 
       00007DAA 00 00 00 00 00 00 00 00 00 00 
       00007DB4 00 00 00 00 00 00 00 00 00 00 
       00007DBE 00 00 00 00 00 00 00 00 00 00 
       00007DC8 00 00 00 00 00 00 00 00 00 00 
       00007DD2 00 00 00 00 00 00 00 00 00 00 
       00007DDC 00 00 00 00 00 00 00 00 00 00 
       00007DE6 00 00 00 00 00 00 00 00 00 00 
       00007DF0 00 00 00 00 00 00 00 00 00 00 
       00007DFA 00 00 00 00 
    99 00007DFE                                 
   100 00007DFE 55 AA                           		DB		0x55, 0xaa
